File: file-sample_150kB.pdf, Keyword: lorem
File: file-sample_150kB.pdf, Keyword: lorem
File: file-sample_150kB.pdf, Keyword: lorem
File: file-sample_150kB.pdf, Keyword: lorem
Non-PDF file uploaded: itadmin1_credentials.csv
File: file-sample_150kB.pdf, Keyword: lorem
File: file-sample_150kB.pdf, Keyword: lorem
File: file-sample_150kB.pdf, Keyword: lorem
File: file-sample_150kB.pdf, Keyword: lorem
File: file-sample_150kB.pdf, Keyword: lorem
File: Basic_Resume.docx (1).pdf, Keyword: skills
File: Basic_Resume.docx (1).pdf, Keyword: skills
File: Basic_Resume.docx (1).pdf, Keyword: skills
File: VprofileProjectSetupWindowsAndMacIntel.pdf, Keyword: vprofile
File: Basic_Resume.docx (1).pdf, Keyword: skills
File: VprofileProjectSetupWindowsAndMacIntel.pdf, Keyword: vprofile
File: VprofileProjectSetupWindowsAndMacIntel.pdf, Keyword: java
File: VprofileProjectSetupWindowsAndMacIntel.pdf, Keyword: vprofile
File: sample_resume_information_technology.pdf, Keyword: Baltimore
Server is running on port 5000
Server is running on port 5000
File: Mohammed lokhandwala.pdf, Keyword: docker
File: Mohammed lokhandwala.pdf, Keyword: docker
File: Mohammed lokhandwala.pdf, Keyword: kubernetes
File: Mohammed lokhandwala.pdf, Keyword: kubernetes
Server is running on port 5000
File: Mohammed_resume.pdf, Keyword: docker
Server is running on port 5000
Server is running on port 5000
File: My Resume.pdf, Keyword: docker
File: Mohammed_resume.pdf, Keyword: docker
File: My Resume.pdf, Keyword: github
File: Mohammed_resume.pdf, Keyword: github
File: My Resume.pdf, Keyword: kubernetes
File: Mohammed_resume.pdf, Keyword: kubernetes
File: My Resume.pdf, Keyword: kubernetes
Server is running on port 5000
File: Mohammed_resume.pdf, Keyword: kubernetes
Server is running on port 5000
File: My Resume.pdf, Keyword: 
File: Mohammed_resume.pdf, Keyword: 
File: Mohammed_resume.pdf, Keyword: KUBERNETES
File: My Resume.pdf, Keyword: docker
File: Mohammed_resume.pdf, Keyword: docker
File: Mohammed_resume.pdf, Keyword: kubernetes
File: Mohammed_resume.pdf, Keyword: kubernetes
File: My Resume.pdf, Keyword: mohammed
File: Mohammed_resume.pdf, Keyword: mohammed
